2016-08-12 12:43:55.859  INFO 7692 --- [pool-1-thread-1] d.z.p.selenium.testcase.HomePageTest     : Starting HomePageTest on ZALANDO-23997 with PID 7692 (c:\Users\anatarajaiye\Documents\selenium-starter-kit-java\target\test-classes started by anatarajaiye in c:\Users\anatarajaiye\Documents\selenium-starter-kit-java)
2016-08-12 12:43:55.860  INFO 7692 --- [pool-1-thread-1] d.z.p.selenium.testcase.HomePageTest     : No active profile set, falling back to default profiles: default
2016-08-12 12:43:55.918  INFO 7692 --- [pool-1-thread-1] s.c.a.AnnotationConfigApplicationContext : Refreshing org.springframework.context.annotation.AnnotationConfigApplicationContext@519fdc0a: startup date [Fri Aug 12 12:43:55 CEST 2016]; root of context hierarchy
2016-08-12 12:43:57.288  INFO 7692 --- [pool-1-thread-1] d.z.p.selenium.testcase.HomePageTest     : Started HomePageTest in 1.773 seconds (JVM running for 2.999)
2016-08-12 12:44:05.924  INFO 7692 --- [Thread-1] s.c.a.AnnotationConfigApplicationContext : Closing org.springframework.context.annotation.AnnotationConfigApplicationContext@519fdc0a: startup date [Fri Aug 12 12:43:55 CEST 2016]; root of context hierarchy
2016-08-12 12:44:21.315  INFO 11396 --- [pool-1-thread-1] d.z.p.selenium.testcase.HomePageTest     : Starting HomePageTest on ZALANDO-23997 with PID 11396 (c:\Users\anatarajaiye\Documents\selenium-starter-kit-java\target\test-classes started by anatarajaiye in c:\Users\anatarajaiye\Documents\selenium-starter-kit-java)
2016-08-12 12:44:21.315  INFO 11396 --- [pool-1-thread-1] d.z.p.selenium.testcase.HomePageTest     : No active profile set, falling back to default profiles: default
2016-08-12 12:44:21.357  INFO 11396 --- [pool-1-thread-1] s.c.a.AnnotationConfigApplicationContext : Refreshing org.springframework.context.annotation.AnnotationConfigApplicationContext@32744e90: startup date [Fri Aug 12 12:44:21 CEST 2016]; root of context hierarchy
2016-08-12 12:44:22.529  INFO 11396 --- [pool-1-thread-1] d.z.p.selenium.testcase.HomePageTest     : Started HomePageTest in 1.566 seconds (JVM running for 3.127)
2016-08-12 12:44:43.011  INFO 11396 --- [Thread-1] s.c.a.AnnotationConfigApplicationContext : Closing org.springframework.context.annotation.AnnotationConfigApplicationContext@32744e90: startup date [Fri Aug 12 12:44:21 CEST 2016]; root of context hierarchy
2016-08-12 12:45:31.818  INFO 2496 --- [pool-1-thread-1] d.z.p.selenium.testcase.HomePageTest     : Starting HomePageTest on ZALANDO-23997 with PID 2496 (c:\Users\anatarajaiye\Documents\selenium-starter-kit-java\target\test-classes started by anatarajaiye in c:\Users\anatarajaiye\Documents\selenium-starter-kit-java)
2016-08-12 12:45:31.818  INFO 2496 --- [pool-1-thread-1] d.z.p.selenium.testcase.HomePageTest     : No active profile set, falling back to default profiles: default
2016-08-12 12:45:31.877  INFO 2496 --- [pool-1-thread-1] s.c.a.AnnotationConfigApplicationContext : Refreshing org.springframework.context.annotation.AnnotationConfigApplicationContext@edf4a85: startup date [Fri Aug 12 12:45:31 CEST 2016]; root of context hierarchy
2016-08-12 12:45:33.221  INFO 2496 --- [pool-1-thread-1] d.z.p.selenium.testcase.HomePageTest     : Started HomePageTest in 1.753 seconds (JVM running for 3.275)
2016-08-12 12:45:41.266  INFO 2496 --- [Thread-1] s.c.a.AnnotationConfigApplicationContext : Closing org.springframework.context.annotation.AnnotationConfigApplicationContext@edf4a85: startup date [Fri Aug 12 12:45:31 CEST 2016]; root of context hierarchy
2016-08-12 12:46:05.929  INFO 11724 --- [pool-1-thread-1] d.z.p.selenium.testcase.HomePageTest     : Starting HomePageTest on ZALANDO-23997 with PID 11724 (c:\Users\anatarajaiye\Documents\selenium-starter-kit-java\target\test-classes started by anatarajaiye in c:\Users\anatarajaiye\Documents\selenium-starter-kit-java)
2016-08-12 12:46:05.930  INFO 11724 --- [pool-1-thread-1] d.z.p.selenium.testcase.HomePageTest     : No active profile set, falling back to default profiles: default
2016-08-12 12:46:05.975  INFO 11724 --- [pool-1-thread-1] s.c.a.AnnotationConfigApplicationContext : Refreshing org.springframework.context.annotation.AnnotationConfigApplicationContext@936f709: startup date [Fri Aug 12 12:46:05 CEST 2016]; root of context hierarchy
2016-08-12 12:46:07.217  INFO 11724 --- [pool-1-thread-1] d.z.p.selenium.testcase.HomePageTest     : Started HomePageTest in 1.717 seconds (JVM running for 3.231)
2016-08-12 12:46:15.146  INFO 11724 --- [Thread-1] s.c.a.AnnotationConfigApplicationContext : Closing org.springframework.context.annotation.AnnotationConfigApplicationContext@936f709: startup date [Fri Aug 12 12:46:05 CEST 2016]; root of context hierarchy
2016-08-12 12:47:06.007  INFO 2064 --- [pool-1-thread-1] d.z.p.selenium.testcase.HomePageTest     : Starting HomePageTest on ZALANDO-23997 with PID 2064 (c:\Users\anatarajaiye\Documents\selenium-starter-kit-java\target\test-classes started by anatarajaiye in c:\Users\anatarajaiye\Documents\selenium-starter-kit-java)
2016-08-12 12:47:06.008  INFO 2064 --- [pool-1-thread-1] d.z.p.selenium.testcase.HomePageTest     : No active profile set, falling back to default profiles: default
2016-08-12 12:47:06.050  INFO 2064 --- [pool-1-thread-1] s.c.a.AnnotationConfigApplicationContext : Refreshing org.springframework.context.annotation.AnnotationConfigApplicationContext@2fadca1c: startup date [Fri Aug 12 12:47:06 CEST 2016]; root of context hierarchy
2016-08-12 12:47:07.317  INFO 2064 --- [pool-1-thread-1] d.z.p.selenium.testcase.HomePageTest     : Started HomePageTest in 1.671 seconds (JVM running for 3.202)
2016-08-12 12:47:15.631  INFO 2064 --- [Thread-1] s.c.a.AnnotationConfigApplicationContext : Closing org.springframework.context.annotation.AnnotationConfigApplicationContext@2fadca1c: startup date [Fri Aug 12 12:47:06 CEST 2016]; root of context hierarchy
2016-08-12 15:10:01.747  INFO 1628 --- [pool-1-thread-1] d.z.p.selenium.testcase.HomePageTest     : Starting HomePageTest on ZALANDO-23997 with PID 1628 (c:\Users\anatarajaiye\Documents\selenium-starter-kit-java\target\test-classes started by anatarajaiye in c:\Users\anatarajaiye\Documents\selenium-starter-kit-java)
2016-08-12 15:10:01.748  INFO 1628 --- [pool-1-thread-1] d.z.p.selenium.testcase.HomePageTest     : No active profile set, falling back to default profiles: default
2016-08-12 15:10:01.813  INFO 1628 --- [pool-1-thread-1] s.c.a.AnnotationConfigApplicationContext : Refreshing org.springframework.context.annotation.AnnotationConfigApplicationContext@936f709: startup date [Fri Aug 12 15:10:01 CEST 2016]; root of context hierarchy
2016-08-12 15:10:03.646  INFO 1628 --- [pool-1-thread-1] d.z.p.selenium.testcase.HomePageTest     : Started HomePageTest in 2.297 seconds (JVM running for 4.363)
2016-08-12 15:10:13.021  INFO 1628 --- [Thread-1] s.c.a.AnnotationConfigApplicationContext : Closing org.springframework.context.annotation.AnnotationConfigApplicationContext@936f709: startup date [Fri Aug 12 15:10:01 CEST 2016]; root of context hierarchy
2016-08-12 15:10:26.664  INFO 6716 --- [pool-1-thread-1] d.z.p.selenium.testcase.HomePageTest     : Starting HomePageTest on ZALANDO-23997 with PID 6716 (c:\Users\anatarajaiye\Documents\selenium-starter-kit-java\target\test-classes started by anatarajaiye in c:\Users\anatarajaiye\Documents\selenium-starter-kit-java)
2016-08-12 15:10:26.665  INFO 6716 --- [pool-1-thread-1] d.z.p.selenium.testcase.HomePageTest     : No active profile set, falling back to default profiles: default
2016-08-12 15:10:26.702  INFO 6716 --- [pool-1-thread-1] s.c.a.AnnotationConfigApplicationContext : Refreshing org.springframework.context.annotation.AnnotationConfigApplicationContext@38df8d9c: startup date [Fri Aug 12 15:10:26 CEST 2016]; root of context hierarchy
2016-08-12 15:10:27.972  INFO 6716 --- [pool-1-thread-1] d.z.p.selenium.testcase.HomePageTest     : Started HomePageTest in 1.642 seconds (JVM running for 2.994)
2016-08-12 15:10:55.928  INFO 6716 --- [Thread-1] s.c.a.AnnotationConfigApplicationContext : Closing org.springframework.context.annotation.AnnotationConfigApplicationContext@38df8d9c: startup date [Fri Aug 12 15:10:26 CEST 2016]; root of context hierarchy
2016-08-12 20:28:44.033  INFO 7296 --- [pool-1-thread-1] d.z.p.selenium.testcase.HomePageTest     : Starting HomePageTest on ZALANDO-23997 with PID 7296 (C:\Users\anatarajaiye\Documents\selenium-starter-kit-java\target\test-classes started by ZALANDO-23997$ in C:\Users\anatarajaiye\Documents\selenium-starter-kit-java)
2016-08-12 20:28:44.036  INFO 7296 --- [pool-1-thread-1] d.z.p.selenium.testcase.HomePageTest     : No active profile set, falling back to default profiles: default
2016-08-12 20:28:44.081  INFO 7296 --- [pool-1-thread-1] s.c.a.AnnotationConfigApplicationContext : Refreshing org.springframework.context.annotation.AnnotationConfigApplicationContext@4a87d31: startup date [Fri Aug 12 20:28:44 CEST 2016]; root of context hierarchy
2016-08-12 20:28:45.470  INFO 7296 --- [pool-1-thread-1] d.z.p.selenium.testcase.HomePageTest     : Started HomePageTest in 1.891 seconds (JVM running for 4.695)
2016-08-12 20:29:05.467  INFO 7296 --- [Thread-1] s.c.a.AnnotationConfigApplicationContext : Closing org.springframework.context.annotation.AnnotationConfigApplicationContext@4a87d31: startup date [Fri Aug 12 20:28:44 CEST 2016]; root of context hierarchy
2016-08-12 20:29:35.450  INFO 11520 --- [pool-1-thread-1] d.z.p.selenium.testcase.HomePageTest     : Starting HomePageTest on ZALANDO-23997 with PID 11520 (C:\Users\anatarajaiye\Documents\selenium-starter-kit-java\target\test-classes started by ZALANDO-23997$ in C:\Users\anatarajaiye\Documents\selenium-starter-kit-java)
2016-08-12 20:29:35.450  INFO 11520 --- [pool-1-thread-1] d.z.p.selenium.testcase.HomePageTest     : No active profile set, falling back to default profiles: default
2016-08-12 20:29:35.495  INFO 11520 --- [pool-1-thread-1] s.c.a.AnnotationConfigApplicationContext : Refreshing org.springframework.context.annotation.AnnotationConfigApplicationContext@edf4a85: startup date [Fri Aug 12 20:29:35 CEST 2016]; root of context hierarchy
2016-08-12 20:29:36.980  INFO 11520 --- [pool-1-thread-1] d.z.p.selenium.testcase.HomePageTest     : Started HomePageTest in 1.98 seconds (JVM running for 4.114)
2016-08-12 20:29:57.693  INFO 11520 --- [Thread-1] s.c.a.AnnotationConfigApplicationContext : Closing org.springframework.context.annotation.AnnotationConfigApplicationContext@edf4a85: startup date [Fri Aug 12 20:29:35 CEST 2016]; root of context hierarchy
2016-08-15 11:28:57.852  INFO 13440 --- [pool-1-thread-1] d.z.p.selenium.testcase.HomePageTest     : Starting HomePageTest on ZALANDO-23997 with PID 13440 (c:\Users\anatarajaiye\Documents\selenium-starter-kit-java\target\test-classes started by anatarajaiye in c:\Users\anatarajaiye\Documents\selenium-starter-kit-java)
2016-08-15 11:28:57.853  INFO 13440 --- [pool-1-thread-1] d.z.p.selenium.testcase.HomePageTest     : No active profile set, falling back to default profiles: default
2016-08-15 11:28:57.935  INFO 13440 --- [pool-1-thread-1] s.c.a.AnnotationConfigApplicationContext : Refreshing org.springframework.context.annotation.AnnotationConfigApplicationContext@3ad3fd54: startup date [Mon Aug 15 11:28:57 CEST 2016]; root of context hierarchy
2016-08-15 11:28:59.463  INFO 13440 --- [pool-1-thread-1] d.z.p.selenium.testcase.HomePageTest     : Started HomePageTest in 2.059 seconds (JVM running for 3.924)
2016-08-15 11:29:39.708  INFO 13440 --- [Thread-1] s.c.a.AnnotationConfigApplicationContext : Closing org.springframework.context.annotation.AnnotationConfigApplicationContext@3ad3fd54: startup date [Mon Aug 15 11:28:57 CEST 2016]; root of context hierarchy
2016-08-15 11:36:46.759  INFO 11864 --- [pool-1-thread-1] d.z.p.selenium.testcase.HomePageTest     : Starting HomePageTest on ZALANDO-23997 with PID 11864 (c:\Users\anatarajaiye\Documents\selenium-starter-kit-java\target\test-classes started by anatarajaiye in c:\Users\anatarajaiye\Documents\selenium-starter-kit-java)
2016-08-15 11:36:46.760  INFO 11864 --- [pool-1-thread-1] d.z.p.selenium.testcase.HomePageTest     : No active profile set, falling back to default profiles: default
2016-08-15 11:36:46.806  INFO 11864 --- [pool-1-thread-1] s.c.a.AnnotationConfigApplicationContext : Refreshing org.springframework.context.annotation.AnnotationConfigApplicationContext@b194f82: startup date [Mon Aug 15 11:36:46 CEST 2016]; root of context hierarchy
2016-08-15 11:36:48.070  INFO 11864 --- [pool-1-thread-1] d.z.p.selenium.testcase.HomePageTest     : Started HomePageTest in 1.703 seconds (JVM running for 3.182)
2016-08-15 11:37:37.062  INFO 11864 --- [Thread-1] s.c.a.AnnotationConfigApplicationContext : Closing org.springframework.context.annotation.AnnotationConfigApplicationContext@b194f82: startup date [Mon Aug 15 11:36:46 CEST 2016]; root of context hierarchy
2016-08-17 13:57:00.569  INFO 10288 --- [pool-1-thread-1] d.z.p.selenium.testcase.HomePageTest     : Starting HomePageTest on ZALANDO-23997 with PID 10288 (c:\Users\anatarajaiye\Documents\selenium-starter-kit-java\target\test-classes started by anatarajaiye in c:\Users\anatarajaiye\Documents\selenium-starter-kit-java)
2016-08-17 13:57:00.570  INFO 10288 --- [pool-1-thread-1] d.z.p.selenium.testcase.HomePageTest     : No active profile set, falling back to default profiles: default
2016-08-17 13:57:00.621  INFO 10288 --- [pool-1-thread-1] s.c.a.AnnotationConfigApplicationContext : Refreshing org.springframework.context.annotation.AnnotationConfigApplicationContext@519fdc0a: startup date [Wed Aug 17 13:57:00 CEST 2016]; root of context hierarchy
2016-08-17 13:57:02.007  INFO 10288 --- [pool-1-thread-1] d.z.p.selenium.testcase.HomePageTest     : Started HomePageTest in 1.852 seconds (JVM running for 3.338)
2016-08-17 13:57:10.766  INFO 10288 --- [Thread-1] s.c.a.AnnotationConfigApplicationContext : Closing org.springframework.context.annotation.AnnotationConfigApplicationContext@519fdc0a: startup date [Wed Aug 17 13:57:00 CEST 2016]; root of context hierarchy
2016-08-17 13:57:18.658  INFO 12244 --- [pool-1-thread-1] d.z.p.selenium.testcase.HomePageTest     : Starting HomePageTest on ZALANDO-23997 with PID 12244 (c:\Users\anatarajaiye\Documents\selenium-starter-kit-java\target\test-classes started by anatarajaiye in c:\Users\anatarajaiye\Documents\selenium-starter-kit-java)
2016-08-17 13:57:18.658  INFO 12244 --- [pool-1-thread-1] d.z.p.selenium.testcase.HomePageTest     : No active profile set, falling back to default profiles: default
2016-08-17 13:57:18.699  INFO 12244 --- [pool-1-thread-1] s.c.a.AnnotationConfigApplicationContext : Refreshing org.springframework.context.annotation.AnnotationConfigApplicationContext@4a87d31: startup date [Wed Aug 17 13:57:18 CEST 2016]; root of context hierarchy
2016-08-17 13:57:20.105  INFO 12244 --- [pool-1-thread-1] d.z.p.selenium.testcase.HomePageTest     : Started HomePageTest in 1.846 seconds (JVM running for 3.3)
2016-08-17 13:57:27.991  INFO 12244 --- [Thread-1] s.c.a.AnnotationConfigApplicationContext : Closing org.springframework.context.annotation.AnnotationConfigApplicationContext@4a87d31: startup date [Wed Aug 17 13:57:18 CEST 2016]; root of context hierarchy
2016-08-17 14:06:33.641  INFO 12432 --- [pool-1-thread-1] d.z.p.selenium.testcase.HomePageTest     : Starting HomePageTest on ZALANDO-23997 with PID 12432 (c:\Users\anatarajaiye\Documents\selenium-starter-kit-java\target\test-classes started by anatarajaiye in c:\Users\anatarajaiye\Documents\selenium-starter-kit-java)
2016-08-17 14:06:33.642  INFO 12432 --- [pool-1-thread-1] d.z.p.selenium.testcase.HomePageTest     : The following profiles are active: staging
2016-08-17 14:06:33.724  INFO 12432 --- [pool-1-thread-1] s.c.a.AnnotationConfigApplicationContext : Refreshing org.springframework.context.annotation.AnnotationConfigApplicationContext@2ec75d27: startup date [Wed Aug 17 14:06:33 CEST 2016]; root of context hierarchy
2016-08-17 14:06:35.209  INFO 12432 --- [pool-1-thread-1] d.z.p.selenium.testcase.HomePageTest     : Started HomePageTest in 1.947 seconds (JVM running for 3.404)
2016-08-17 14:06:46.776  INFO 12432 --- [Thread-1] s.c.a.AnnotationConfigApplicationContext : Closing org.springframework.context.annotation.AnnotationConfigApplicationContext@2ec75d27: startup date [Wed Aug 17 14:06:33 CEST 2016]; root of context hierarchy
2016-08-19 11:37:30.242  INFO 12340 --- [pool-1-thread-1] d.z.p.selenium.testcase.HomePageTest     : Starting HomePageTest on ZALANDO-23997 with PID 12340 (c:\Users\anatarajaiye\Documents\selenium-starter-kit-java\target\test-classes started by anatarajaiye in c:\Users\anatarajaiye\Documents\selenium-starter-kit-java)
2016-08-19 11:37:30.244  INFO 12340 --- [pool-1-thread-1] d.z.p.selenium.testcase.HomePageTest     : No active profile set, falling back to default profiles: default
2016-08-19 11:37:30.335  INFO 12340 --- [pool-1-thread-1] s.c.a.AnnotationConfigApplicationContext : Refreshing org.springframework.context.annotation.AnnotationConfigApplicationContext@519fdc0a: startup date [Fri Aug 19 11:37:30 CEST 2016]; root of context hierarchy
2016-08-19 11:37:32.020  INFO 12340 --- [pool-1-thread-1] d.z.p.selenium.testcase.HomePageTest     : Started HomePageTest in 2.195 seconds (JVM running for 4.057)
2016-08-19 11:37:43.289  INFO 12340 --- [Thread-1] s.c.a.AnnotationConfigApplicationContext : Closing org.springframework.context.annotation.AnnotationConfigApplicationContext@519fdc0a: startup date [Fri Aug 19 11:37:30 CEST 2016]; root of context hierarchy
2016-08-19 11:38:01.670  INFO 11236 --- [pool-1-thread-1] d.z.p.selenium.testcase.HomePageTest     : Starting HomePageTest on ZALANDO-23997 with PID 11236 (c:\Users\anatarajaiye\Documents\selenium-starter-kit-java\target\test-classes started by anatarajaiye in c:\Users\anatarajaiye\Documents\selenium-starter-kit-java)
2016-08-19 11:38:01.671  INFO 11236 --- [pool-1-thread-1] d.z.p.selenium.testcase.HomePageTest     : No active profile set, falling back to default profiles: default
2016-08-19 11:38:01.715  INFO 11236 --- [pool-1-thread-1] s.c.a.AnnotationConfigApplicationContext : Refreshing org.springframework.context.annotation.AnnotationConfigApplicationContext@32744e90: startup date [Fri Aug 19 11:38:01 CEST 2016]; root of context hierarchy
2016-08-19 11:38:03.015  INFO 11236 --- [pool-1-thread-1] d.z.p.selenium.testcase.HomePageTest     : Started HomePageTest in 1.752 seconds (JVM running for 3.4)
2016-08-19 11:38:38.070  INFO 11236 --- [Thread-1] s.c.a.AnnotationConfigApplicationContext : Closing org.springframework.context.annotation.AnnotationConfigApplicationContext@32744e90: startup date [Fri Aug 19 11:38:01 CEST 2016]; root of context hierarchy
2016-08-25 10:17:59.641  INFO 8188 --- [pool-1-thread-1] d.z.p.selenium.testcase.HomePageTest     : Starting HomePageTest on ZALANDO-23997 with PID 8188 (c:\Users\anatarajaiye\Documents\selenium-starter-kit-java\target\test-classes started by anatarajaiye in c:\Users\anatarajaiye\Documents\selenium-starter-kit-java)
2016-08-25 10:17:59.642  INFO 8188 --- [pool-1-thread-1] d.z.p.selenium.testcase.HomePageTest     : No active profile set, falling back to default profiles: default
2016-08-25 10:17:59.725  INFO 8188 --- [pool-1-thread-1] s.c.a.AnnotationConfigApplicationContext : Refreshing org.springframework.context.annotation.AnnotationConfigApplicationContext@9aca57d: startup date [Thu Aug 25 10:17:59 CEST 2016]; root of context hierarchy
2016-08-25 10:18:01.120  INFO 8188 --- [pool-1-thread-1] d.z.p.selenium.testcase.HomePageTest     : Started HomePageTest in 1.893 seconds (JVM running for 3.973)
2016-08-25 10:18:06.958  INFO 8188 --- [Thread-1] s.c.a.AnnotationConfigApplicationContext : Closing org.springframework.context.annotation.AnnotationConfigApplicationContext@9aca57d: startup date [Thu Aug 25 10:17:59 CEST 2016]; root of context hierarchy
2016-08-25 10:25:28.407  INFO 14168 --- [pool-1-thread-1] d.z.p.selenium.testcase.HomePageTest     : Starting HomePageTest on ZALANDO-23997 with PID 14168 (c:\Users\anatarajaiye\Documents\selenium-starter-kit-java\target\test-classes started by anatarajaiye in c:\Users\anatarajaiye\Documents\selenium-starter-kit-java)
2016-08-25 10:25:28.408  INFO 14168 --- [pool-1-thread-1] d.z.p.selenium.testcase.HomePageTest     : No active profile set, falling back to default profiles: default
2016-08-25 10:25:28.455  INFO 14168 --- [pool-1-thread-1] s.c.a.AnnotationConfigApplicationContext : Refreshing org.springframework.context.annotation.AnnotationConfigApplicationContext@379fe4b1: startup date [Thu Aug 25 10:25:28 CEST 2016]; root of context hierarchy
2016-08-25 10:25:29.772  INFO 14168 --- [pool-1-thread-1] d.z.p.selenium.testcase.HomePageTest     : Started HomePageTest in 1.701 seconds (JVM running for 3.073)
2016-08-25 10:26:28.193  INFO 14168 --- [Thread-1] s.c.a.AnnotationConfigApplicationContext : Closing org.springframework.context.annotation.AnnotationConfigApplicationContext@379fe4b1: startup date [Thu Aug 25 10:25:28 CEST 2016]; root of context hierarchy
2016-08-25 10:31:59.434  INFO 4528 --- [pool-1-thread-1] d.z.p.selenium.testcase.HomePageTest     : Starting HomePageTest on ZALANDO-23997 with PID 4528 (c:\Users\anatarajaiye\Documents\selenium-starter-kit-java\target\test-classes started by anatarajaiye in c:\Users\anatarajaiye\Documents\selenium-starter-kit-java)
2016-08-25 10:31:59.435  INFO 4528 --- [pool-1-thread-1] d.z.p.selenium.testcase.HomePageTest     : No active profile set, falling back to default profiles: default
2016-08-25 10:31:59.482  INFO 4528 --- [pool-1-thread-1] s.c.a.AnnotationConfigApplicationContext : Refreshing org.springframework.context.annotation.AnnotationConfigApplicationContext@525f7baf: startup date [Thu Aug 25 10:31:59 CEST 2016]; root of context hierarchy
2016-08-25 10:32:00.928  INFO 4528 --- [pool-1-thread-1] d.z.p.selenium.testcase.HomePageTest     : Started HomePageTest in 1.922 seconds (JVM running for 3.349)
2016-08-25 10:32:46.475  INFO 4528 --- [Thread-1] s.c.a.AnnotationConfigApplicationContext : Closing org.springframework.context.annotation.AnnotationConfigApplicationContext@525f7baf: startup date [Thu Aug 25 10:31:59 CEST 2016]; root of context hierarchy
2016-08-25 10:33:17.149  INFO 7968 --- [pool-1-thread-1] d.z.p.selenium.testcase.HomePageTest     : Starting HomePageTest on ZALANDO-23997 with PID 7968 (c:\Users\anatarajaiye\Documents\selenium-starter-kit-java\target\test-classes started by anatarajaiye in c:\Users\anatarajaiye\Documents\selenium-starter-kit-java)
2016-08-25 10:33:17.149  INFO 7968 --- [pool-1-thread-1] d.z.p.selenium.testcase.HomePageTest     : No active profile set, falling back to default profiles: default
2016-08-25 10:33:17.217  INFO 7968 --- [pool-1-thread-1] s.c.a.AnnotationConfigApplicationContext : Refreshing org.springframework.context.annotation.AnnotationConfigApplicationContext@21c8b113: startup date [Thu Aug 25 10:33:17 CEST 2016]; root of context hierarchy
2016-08-25 10:33:18.530  INFO 7968 --- [pool-1-thread-1] d.z.p.selenium.testcase.HomePageTest     : Started HomePageTest in 1.746 seconds (JVM running for 3.378)
2016-08-25 10:34:02.644  INFO 7968 --- [Thread-1] s.c.a.AnnotationConfigApplicationContext : Closing org.springframework.context.annotation.AnnotationConfigApplicationContext@21c8b113: startup date [Thu Aug 25 10:33:17 CEST 2016]; root of context hierarchy
2016-08-25 10:36:02.579  INFO 6912 --- [pool-1-thread-1] d.z.p.selenium.testcase.HomePageTest     : Starting HomePageTest on ZALANDO-23997 with PID 6912 (c:\Users\anatarajaiye\Documents\selenium-starter-kit-java\target\test-classes started by anatarajaiye in c:\Users\anatarajaiye\Documents\selenium-starter-kit-java)
2016-08-25 10:36:02.579  INFO 6912 --- [pool-1-thread-1] d.z.p.selenium.testcase.HomePageTest     : No active profile set, falling back to default profiles: default
2016-08-25 10:36:02.639  INFO 6912 --- [pool-1-thread-1] s.c.a.AnnotationConfigApplicationContext : Refreshing org.springframework.context.annotation.AnnotationConfigApplicationContext@7a989d91: startup date [Thu Aug 25 10:36:02 CEST 2016]; root of context hierarchy
2016-08-25 10:36:03.839  INFO 6912 --- [pool-1-thread-1] d.z.p.selenium.testcase.HomePageTest     : Started HomePageTest in 1.612 seconds (JVM running for 2.947)
2016-08-25 10:36:11.507  INFO 6912 --- [Thread-1] s.c.a.AnnotationConfigApplicationContext : Closing org.springframework.context.annotation.AnnotationConfigApplicationContext@7a989d91: startup date [Thu Aug 25 10:36:02 CEST 2016]; root of context hierarchy
2016-08-25 10:36:39.021  INFO 15516 --- [pool-1-thread-1] d.z.p.selenium.testcase.HomePageTest     : Starting HomePageTest on ZALANDO-23997 with PID 15516 (c:\Users\anatarajaiye\Documents\selenium-starter-kit-java\target\test-classes started by anatarajaiye in c:\Users\anatarajaiye\Documents\selenium-starter-kit-java)
2016-08-25 10:36:39.022  INFO 15516 --- [pool-1-thread-1] d.z.p.selenium.testcase.HomePageTest     : No active profile set, falling back to default profiles: default
2016-08-25 10:36:39.078  INFO 15516 --- [pool-1-thread-1] s.c.a.AnnotationConfigApplicationContext : Refreshing org.springframework.context.annotation.AnnotationConfigApplicationContext@7a989d91: startup date [Thu Aug 25 10:36:39 CEST 2016]; root of context hierarchy
2016-08-25 10:36:40.465  INFO 15516 --- [pool-1-thread-1] d.z.p.selenium.testcase.HomePageTest     : Started HomePageTest in 1.909 seconds (JVM running for 3.229)
2016-08-25 10:36:50.763  INFO 15516 --- [Thread-1] s.c.a.AnnotationConfigApplicationContext : Closing org.springframework.context.annotation.AnnotationConfigApplicationContext@7a989d91: startup date [Thu Aug 25 10:36:39 CEST 2016]; root of context hierarchy
2016-08-25 10:48:37.324  INFO 10608 --- [pool-1-thread-1] d.z.p.selenium.testcase.HomePageTest     : Starting HomePageTest on ZALANDO-23997 with PID 10608 (c:\Users\anatarajaiye\Documents\selenium-starter-kit-java\target\test-classes started by anatarajaiye in c:\Users\anatarajaiye\Documents\selenium-starter-kit-java)
2016-08-25 10:48:37.325  INFO 10608 --- [pool-1-thread-1] d.z.p.selenium.testcase.HomePageTest     : No active profile set, falling back to default profiles: default
2016-08-25 10:48:37.379  INFO 10608 --- [pool-1-thread-1] s.c.a.AnnotationConfigApplicationContext : Refreshing org.springframework.context.annotation.AnnotationConfigApplicationContext@21c8b113: startup date [Thu Aug 25 10:48:37 CEST 2016]; root of context hierarchy
2016-08-25 10:48:38.699  INFO 10608 --- [pool-1-thread-1] d.z.p.selenium.testcase.HomePageTest     : Started HomePageTest in 1.769 seconds (JVM running for 3.208)
2016-08-25 10:48:47.808  INFO 10608 --- [Thread-1] s.c.a.AnnotationConfigApplicationContext : Closing org.springframework.context.annotation.AnnotationConfigApplicationContext@21c8b113: startup date [Thu Aug 25 10:48:37 CEST 2016]; root of context hierarchy
2016-08-25 10:50:32.368  INFO 8180 --- [pool-1-thread-1] d.z.p.selenium.testcase.HomePageTest     : Starting HomePageTest on ZALANDO-23997 with PID 8180 (c:\Users\anatarajaiye\Documents\selenium-starter-kit-java\target\test-classes started by anatarajaiye in c:\Users\anatarajaiye\Documents\selenium-starter-kit-java)
2016-08-25 10:50:32.369  INFO 8180 --- [pool-1-thread-1] d.z.p.selenium.testcase.HomePageTest     : No active profile set, falling back to default profiles: default
2016-08-25 10:50:32.404  INFO 8180 --- [pool-1-thread-1] s.c.a.AnnotationConfigApplicationContext : Refreshing org.springframework.context.annotation.AnnotationConfigApplicationContext@379fe4b1: startup date [Thu Aug 25 10:50:32 CEST 2016]; root of context hierarchy
2016-08-25 10:50:33.675  INFO 8180 --- [pool-1-thread-1] d.z.p.selenium.testcase.HomePageTest     : Started HomePageTest in 1.662 seconds (JVM running for 3.04)
2016-08-25 10:51:16.566  INFO 8180 --- [Thread-1] s.c.a.AnnotationConfigApplicationContext : Closing org.springframework.context.annotation.AnnotationConfigApplicationContext@379fe4b1: startup date [Thu Aug 25 10:50:32 CEST 2016]; root of context hierarchy
2016-08-26 10:43:01.625  INFO 6900 --- [pool-1-thread-1] d.z.p.selenium.testcase.HomePageTest     : Starting HomePageTest on ZALANDO-23997 with PID 6900 (c:\Users\anatarajaiye\Documents\selenium-starter-kit-java\target\test-classes started by anatarajaiye in c:\Users\anatarajaiye\Documents\selenium-starter-kit-java)
2016-08-26 10:43:01.626  INFO 6900 --- [pool-1-thread-1] d.z.p.selenium.testcase.HomePageTest     : No active profile set, falling back to default profiles: default
2016-08-26 10:43:01.684  INFO 6900 --- [pool-1-thread-1] s.c.a.AnnotationConfigApplicationContext : Refreshing org.springframework.context.annotation.AnnotationConfigApplicationContext@444d45dd: startup date [Fri Aug 26 10:43:01 CEST 2016]; root of context hierarchy
2016-08-26 10:43:03.093  INFO 6900 --- [pool-1-thread-1] d.z.p.selenium.testcase.HomePageTest     : Started HomePageTest in 1.869 seconds (JVM running for 3.72)
2016-08-26 10:43:17.571  INFO 6900 --- [Thread-1] s.c.a.AnnotationConfigApplicationContext : Closing org.springframework.context.annotation.AnnotationConfigApplicationContext@444d45dd: startup date [Fri Aug 26 10:43:01 CEST 2016]; root of context hierarchy
2016-08-26 10:48:33.938  INFO 11580 --- [pool-1-thread-1] d.z.p.selenium.testcase.HomePageTest     : Starting HomePageTest on ZALANDO-23997 with PID 11580 (c:\Users\anatarajaiye\Documents\selenium-starter-kit-java\target\test-classes started by anatarajaiye in c:\Users\anatarajaiye\Documents\selenium-starter-kit-java)
2016-08-26 10:48:33.939  INFO 11580 --- [pool-1-thread-1] d.z.p.selenium.testcase.HomePageTest     : No active profile set, falling back to default profiles: default
2016-08-26 10:48:34.057  INFO 11580 --- [pool-1-thread-1] s.c.a.AnnotationConfigApplicationContext : Refreshing org.springframework.context.annotation.AnnotationConfigApplicationContext@26ef96de: startup date [Fri Aug 26 10:48:34 CEST 2016]; root of context hierarchy
2016-08-26 10:48:36.129  INFO 11580 --- [pool-1-thread-1] d.z.p.selenium.testcase.HomePageTest     : Started HomePageTest in 2.66 seconds (JVM running for 4.481)
2016-08-26 10:48:54.148  INFO 11580 --- [Thread-1] s.c.a.AnnotationConfigApplicationContext : Closing org.springframework.context.annotation.AnnotationConfigApplicationContext@26ef96de: startup date [Fri Aug 26 10:48:34 CEST 2016]; root of context hierarchy
